<?xml version="1.0" encoding="UTF-8"?>
<testng-results ignored="0" total="2" passed="2" failed="0" skipped="0">
  <reporter-output>
  </reporter-output>
  <suite started-at="2020-12-31T14:31:42 CET" name="Default suite" finished-at="2020-12-31T14:32:10 CET" duration-ms="28004">
    <groups>
    </groups>
    <test started-at="2020-12-31T14:31:42 CET" name="Default test" finished-at="2020-12-31T14:32:10 CET" duration-ms="28004">
      <class name="myStore.MakeOrder">
        <test-method is-config="true" signature="launchBrowser()[pri:0, instance:myStore.MakeOrder@17a7f733]" started-at="2020-12-31T14:31:42 CET" name="launchBrowser" finished-at="2020-12-31T14:31:53 CET" duration-ms="11142" status="PASS">
          <reporter-output>
          </reporter-output>
        </test-method> <!-- launchBrowser -->
        <test-method signature="logIn()[pri:0, instance:myStore.MakeOrder@17a7f733]" started-at="2020-12-31T14:31:53 CET" name="logIn" finished-at="2020-12-31T14:31:56 CET" duration-ms="3421" status="PASS">
          <reporter-output>
          </reporter-output>
        </test-method> <!-- logIn -->
        <test-method signature="makeOrder()[pri:0, instance:myStore.MakeOrder@17a7f733]" started-at="2020-12-31T14:31:56 CET" name="makeOrder" finished-at="2020-12-31T14:32:10 CET" duration-ms="13405" status="PASS">
          <reporter-output>
          </reporter-output>
        </test-method> <!-- makeOrder -->
        <test-method is-config="true" signature="terminateBrowser()[pri:0, instance:myStore.MakeOrder@17a7f733]" started-at="2020-12-31T14:32:10 CET" name="terminateBrowser" finished-at="2020-12-31T14:32:10 CET" duration-ms="1" status="PASS">
          <reporter-output>
          </reporter-output>
        </test-method> <!-- terminateBrowser -->
      </class> <!-- myStore.MakeOrder -->
    </test> <!-- Default test -->
  </suite> <!-- Default suite -->
</testng-results>
