<?xml version="1.0" encoding="UTF-8"?>
<testng-results ignored="0" total="2" passed="2" failed="0" skipped="0">
  <reporter-output>
  </reporter-output>
  <suite started-at="2020-12-26T17:57:44 CET" name="Default suite" finished-at="2020-12-26T17:58:10 CET" duration-ms="26342">
    <groups>
    </groups>
    <test started-at="2020-12-26T17:57:44 CET" name="Default test" finished-at="2020-12-26T17:58:10 CET" duration-ms="26342">
      <class name="TestingDemo.NewTest">
        <test-method is-config="true" signature="launchBrowser()[pri:0, instance:TestingDemo.NewTest@17a7f733]" started-at="2020-12-26T17:57:44 CET" name="launchBrowser" finished-at="2020-12-26T17:57:53 CET" duration-ms="9478" status="PASS">
          <reporter-output>
          </reporter-output>
        </test-method> <!-- launchBrowser -->
        <test-method signature="logIn()[pri:0, instance:TestingDemo.NewTest@17a7f733]" started-at="2020-12-26T17:57:53 CET" name="logIn" finished-at="2020-12-26T17:57:56 CET" duration-ms="2978" status="PASS">
          <reporter-output>
          </reporter-output>
        </test-method> <!-- logIn -->
        <test-method signature="makeOrder()[pri:0, instance:TestingDemo.NewTest@17a7f733]" started-at="2020-12-26T17:57:56 CET" name="makeOrder" finished-at="2020-12-26T17:58:10 CET" duration-ms="13852" status="PASS">
          <reporter-output>
          </reporter-output>
        </test-method> <!-- makeOrder -->
        <test-method is-config="true" signature="terminateBrowser()[pri:0, instance:TestingDemo.NewTest@17a7f733]" started-at="2020-12-26T17:58:10 CET" name="terminateBrowser" finished-at="2020-12-26T17:58:10 CET" duration-ms="1" status="PASS">
          <reporter-output>
          </reporter-output>
        </test-method> <!-- terminateBrowser -->
      </class> <!-- TestingDemo.NewTest -->
    </test> <!-- Default test -->
  </suite> <!-- Default suite -->
</testng-results>
